<?xml version="1.0" encoding="UTF-8"?>
<testng-results ignored="0" total="1" passed="1" failed="0" skipped="0">
  <reporter-output>
  </reporter-output>
  <suite started-at="2025-06-25T20:29:20 IST" name="Default suite" finished-at="2025-06-25T20:29:30 IST" duration-ms="10661">
    <groups>
    </groups>
    <test started-at="2025-06-25T20:29:20 IST" name="Default test" finished-at="2025-06-25T20:29:30 IST" duration-ms="10661">
      <class name="com.testCase.TC_001_ValidLogin">
        <test-method is-config="true" signature="trigger()[pri:0, instance:com.testCase.TC_001_ValidLogin@38cee291]" started-at="2025-06-25T20:29:20 IST" name="trigger" finished-at="2025-06-25T20:29:27 IST" duration-ms="7613" status="PASS">
          <reporter-output>
          </reporter-output>
        </test-method> <!-- trigger -->
        <test-method signature="checkLogin()[pri:0, instance:com.testCase.TC_001_ValidLogin@38cee291]" started-at="2025-06-25T20:29:27 IST" name="checkLogin" finished-at="2025-06-25T20:29:30 IST" duration-ms="2441" status="PASS">
          <reporter-output>
          </reporter-output>
        </test-method> <!-- checkLogin -->
        <test-method is-config="true" signature="closure()[pri:0, instance:com.testCase.TC_001_ValidLogin@38cee291]" started-at="2025-06-25T20:29:30 IST" name="closure" finished-at="2025-06-25T20:29:30 IST" duration-ms="562" status="PASS">
          <reporter-output>
          </reporter-output>
        </test-method> <!-- closure -->
      </class> <!-- com.testCase.TC_001_ValidLogin -->
    </test> <!-- Default test -->
  </suite> <!-- Default suite -->
</testng-results>
